  DirectXTexUtil.cpp
  BC.cpp
  BC4BC5.cpp
  BC6HBC7.cpp
  BCDirectCompute.cpp
  DirectXTexCompress.cpp
  DirectXTexCompressGPU.cpp
  DirectXTexConvert.cpp
  DirectXTexD3D11.cpp
  DirectXTexD3D12.cpp
  DirectXTexDDS.cpp
  DirectXTexFlipRotate.cpp
  DirectXTexHDR.cpp
  DirectXTexImage.cpp
  DirectXTexMipMaps.cpp
  DirectXTexMisc.cpp
  DirectXTexNormalMaps.cpp
  DirectXTexPMAlpha.cpp
  DirectXTexResize.cpp
  DirectXTexTGA.cpp
  DirectXTexWIC.cpp
  コードを生成中...
<<<<<<< HEAD
  DirectXTex_Desktop_2022_Win10.vcxproj -> C:\GameProject\4か月制作\光択\project\externels\DirectXTex\Bin\Desktop_2022_Win10\x64\Debug\DirectXTex.lib
=======
  DirectXTex_Desktop_2022_Win10.vcxproj -> C:\Users\K023G\Source\Repos\4-Month-Project\project\externels\DirectXTex\Bin\Desktop_2022_Win10\x64\Debug\DirectXTex.lib
>>>>>>> 1f1bceb251fabf7336dd684186bcf94d4108b648
